{
  "0 debug pnpm:scope": {
    "selected": 1,
    "workspacePrefix": "/Volumes/Coding/playground/vite-plugins/vite-plugin-md/v11"
  },
  "1 error pnpm": {
    "errno": 1,
    "code": "ELIFECYCLE",
    "pkgid": "vite-plugin-md@0.11.9",
    "stage": "build",
    "script": "tsup src/index.ts --dts --format cjs,esm",
    "pkgname": "vite-plugin-md",
    "err": {
      "name": "pnpm",
      "message": "vite-plugin-md@0.11.9 build: `tsup src/index.ts --dts --format cjs,esm`\nExit status 1",
      "code": "ELIFECYCLE",
      "stack": "pnpm: vite-plugin-md@0.11.9 build: `tsup src/index.ts --dts --format cjs,esm`\nExit status 1\n    at EventEmitter.<anonymous> (/Users/ken/pnpm-global/5/node_modules/.pnpm/pnpm@6.30.0/node_modules/pnpm/dist/pnpm.cjs:105659:20)\n    at EventEmitter.emit (node:events:390:28)\n    at ChildProcess.<anonymous> (/Users/ken/pnpm-global/5/node_modules/.pnpm/pnpm@6.30.0/node_modules/pnpm/dist/pnpm.cjs:92207:18)\n    at ChildProcess.emit (node:events:390:28)\n    at maybeClose (node:internal/child_process:1064:16)\n    at Process.ChildProcess._handle.onexit (node:internal/child_process:301:5)"
    }
  }
}